[0mGET /proveedor [32m200[0m 5.974 ms - 21[0m
[0mPOST /clientes [32m201[0m 66.610 ms - 141[0m
[0mGET /clientes [32m200[0m 2.660 ms - 95[0m
[0mGET /clientes [36m304[0m 0.556 ms - -[0m
[0mPOST /proveedores [32m201[0m 27.565 ms - 143[0m
[0mGET /proveedores [32m200[0m 0.966 ms - 94[0m
[0mGET /proveedores [36m304[0m 0.490 ms - -[0m
[0mGET /clientes [36m304[0m 0.745 ms - -[0m
[0mGET /mascotas [33m404[0m 7.720 ms - 147[0m
[0mPOST /mascota [0m-[0m - ms - -[0m
[0mGET /mascotas [33m404[0m 5.032 ms - 147[0m
[0mGET /mascotas [33m404[0m 15.018 ms - 147[0m
[0mGET /mascotas [33m404[0m 3.049 ms - 147[0m
[0mGET /mascotas [33m404[0m 8.300 ms - 147[0m
[0mGET /mascotas [33m404[0m 2.655 ms - 147[0m
[0mGET /mascotas [33m404[0m 1.342 ms - 147[0m
[0mGET /mascotas [32m200[0m 402.204 ms - 1046934[0m
[0mGET /mascotas [36m304[0m 18.848 ms - -[0m
[0mDELETE /mascota/eliminar?mascota_id=11 [32m200[0m 229.527 ms - 46[0m
[0mGET /mascotas [32m200[0m 14.970 ms - 593455[0m
[0mGET /consulta-pdf?mascota_id=8 [32m200[0m 356.765 ms - 6351[0m
[0mGET /favicon.ico [33m404[0m 2.641 ms - 150[0m
[0mGET /mascotas [36m304[0m 13.242 ms - -[0m
[0mGET /mascotas [36m304[0m 11.346 ms - -[0m
